d:\home\graduation project\textrec\textrec\x64\debug\vc143.pdb
d:\home\graduation project\textrec\textrec\x64\debug\vc143.idb
d:\home\graduation project\textrec\textrec\x64\debug\textrec.util.obj
d:\home\graduation project\textrec\textrec\x64\debug\main.obj
d:\home\graduation project\textrec\textrec\x64\debug\textrec_types.obj
d:\home\graduation project\textrec\textrec\x64\debug\textrec_types.h_xwwb1h0g60t2t7t6.ifc
d:\home\graduation project\textrec\textrec\x64\debug\textrec_types.h_xwwb1h0g60t2t7t6.ifc.d.json
d:\home\graduation project\textrec\textrec\x64\debug\textrec_types.h_xwwb1h0g60t2t7t6.obj
d:\home\graduation project\textrec\textrec\x64\debug\textrec.util.cppm.ifc
d:\home\graduation project\textrec\textrec\x64\debug\textrec.util.cppm.ifc.d.json
d:\home\graduation project\textrec\textrec\x64\debug\textrec.util.cppm.obj
d:\home\graduation project\textrec\textrec\x64\debug\freeimage.h_2oers9771u0uwwg8.ifc
d:\home\graduation project\textrec\textrec\x64\debug\freeimage.h_2oers9771u0uwwg8.ifc.d.json
d:\home\graduation project\textrec\textrec\x64\debug\freeimage.h_2oers9771u0uwwg8.obj
d:\home\graduation project\textrec\textrec\x64\debug\microsoft\stl\std.ixx.ifc
d:\home\graduation project\textrec\textrec\x64\debug\microsoft\stl\std.ixx.ifc.d.json
d:\home\graduation project\textrec\textrec\x64\debug\microsoft\stl\std.ixx.obj
d:\home\graduation project\textrec\textrec\x64\debug\dense_al8ago7dl50i0qr8.ifc
d:\home\graduation project\textrec\textrec\x64\debug\dense_al8ago7dl50i0qr8.ifc.d.json
d:\home\graduation project\textrec\textrec\x64\debug\dense_al8ago7dl50i0qr8.obj
d:\home\graduation project\textrec\textrec\x64\debug\textrec.cppm.ifc
d:\home\graduation project\textrec\textrec\x64\debug\textrec.cppm.ifc.d.json
d:\home\graduation project\textrec\textrec\x64\debug\textrec.cppm.obj
d:\home\graduation project\textrec\textrec\x64\debug\microsoft\stl\std.compat.ixx.ifc
d:\home\graduation project\textrec\textrec\x64\debug\microsoft\stl\std.compat.ixx.ifc.d.json
d:\home\graduation project\textrec\textrec\x64\debug\microsoft\stl\std.compat.ixx.obj
d:\home\graduation project\textrec\textrec\x64\debug\cudatextrec.cu.obj
d:\home\graduation project\textrec\x64\debug\textrec.exe
d:\home\graduation project\textrec\x64\debug\textrec.pdb
d:\home\graduation project\textrec\textrec\x64\debug\microsoft\stl\std.ixx.module.json
d:\home\graduation project\textrec\textrec\x64\debug\textrec.util.cppm.module.json
d:\home\graduation project\textrec\textrec\x64\debug\textrec.cppm.module.json
d:\home\graduation project\textrec\textrec\x64\debug\microsoft\stl\std.compat.ixx.module.json
d:\home\graduation project\textrec\textrec\x64\debug\textrec_types.h_xwwb1h0g60t2t7t6.module.json
d:\home\graduation project\textrec\textrec\x64\debug\freeimage.h_2oers9771u0uwwg8.module.json
d:\home\graduation project\textrec\textrec\x64\debug\dense_al8ago7dl50i0qr8.module.json
d:\home\graduation project\textrec\x64\debug\textrec.lib
d:\home\graduation project\textrec\x64\debug\textrec.exp
d:\home\graduation project\textrec\textrec\x64\debug\textrec.ilk
d:\home\graduation project\textrec\textrec\x64\debug\cudatextrec.cu.cache
d:\home\graduation project\textrec\textrec\x64\debug\textrec.tlog\cl.command.1.tlog
d:\home\graduation project\textrec\textrec\x64\debug\textrec.tlog\cl.items.tlog
d:\home\graduation project\textrec\textrec\x64\debug\textrec.tlog\cl.read.1.tlog
d:\home\graduation project\textrec\textrec\x64\debug\textrec.tlog\cl.write.1.tlog
d:\home\graduation project\textrec\textrec\x64\debug\textrec.tlog\cudacompile.read.1u.tlog
d:\home\graduation project\textrec\textrec\x64\debug\textrec.tlog\cudacompile.write.1u.tlog
d:\home\graduation project\textrec\textrec\x64\debug\textrec.tlog\link.command.1.tlog
d:\home\graduation project\textrec\textrec\x64\debug\textrec.tlog\link.read.1.tlog
d:\home\graduation project\textrec\textrec\x64\debug\textrec.tlog\link.secondary.1.tlog
d:\home\graduation project\textrec\textrec\x64\debug\textrec.tlog\link.write.1.tlog
d:\home\graduation project\textrec\textrec\x64\debug\textrec_md.tlog\cl.command.1.tlog
d:\home\graduation project\textrec\textrec\x64\debug\textrec_md.tlog\microsoft.build.cpptasks.cl.read.1.tlog
d:\home\graduation project\textrec\textrec\x64\debug\textrec_md.tlog\microsoft.build.cpptasks.cl.write.1.tlog
